[debug] [2022-01-13T17:20:07.616Z] ----------------------------------------------------------------------
[debug] [2022-01-13T17:20:07.616Z] Command:       /usr/local/bin/node /Users/siravit/.npm/bin/firebase deploy
[debug] [2022-01-13T17:20:07.617Z] CLI Version:   10.0.1
[debug] [2022-01-13T17:20:07.617Z] Platform:      darwin
[debug] [2022-01-13T17:20:07.617Z] Node Version:  v16.13.0
[debug] [2022-01-13T17:20:07.618Z] Time:          Fri Jan 14 2022 00:20:07 GMT+0700 (Indochina Time)
[debug] [2022-01-13T17:20:07.618Z] ----------------------------------------------------------------------
[debug] 
[debug] [2022-01-13T17:20:07.619Z] >>> [apiv2][query] GET https://firebase-public.firebaseio.com/cli.json [none]
[debug] [2022-01-13T17:20:07.650Z] > command requires scopes: ["email","openid","https://www.googleapis.com/auth/cloudplatformprojects.readonly","https://www.googleapis.com/auth/firebase","https://www.googleapis.com/auth/cloud-platform"]
[debug] [2022-01-13T17:20:07.651Z] > authorizing via signed-in user (siravitpichphol@gmail.com)
[debug] [2022-01-13T17:20:07.651Z] [iam] checking project portfolio-10fb3 for permissions ["firebase.projects.get","firebasehosting.sites.update"]
[debug] [2022-01-13T17:20:07.651Z] > refreshing access token with scopes: ["email","https://www.googleapis.com/auth/cloud-platform","https://www.googleapis.com/auth/cloudplatformprojects.readonly","https://www.googleapis.com/auth/firebase","openid"]
[debug] [2022-01-13T17:20:07.652Z] >>> HTTP REQUEST POST https://www.googleapis.com/oauth2/v3/token  
 <request body omitted>
[debug] [2022-01-13T17:20:07.799Z] <<< HTTP RESPONSE 200 {"pragma":"no-cache","cache-control":"no-cache, no-store, max-age=0, must-revalidate","expires":"Mon, 01 Jan 1990 00:00:00 GMT","date":"Thu, 13 Jan 2022 17:20:07 GMT","content-type":"application/json; charset=utf-8","vary":"X-Origin, Referer, Origin,Accept-Encoding","server":"scaffolding on HTTPServer2","x-xss-protection":"0","x-frame-options":"SAMEORIGIN","x-content-type-options":"nosniff","alt-svc":"h3=\":443\"; ma=2592000,h3-29=\":443\"; ma=2592000,h3-Q050=\":443\"; ma=2592000,h3-Q046=\":443\"; ma=2592000,h3-Q043=\":443\"; ma=2592000,quic=\":443\"; ma=2592000; v=\"46,43\"","accept-ranges":"none","transfer-encoding":"chunked"}
[debug] [2022-01-13T17:20:07.844Z] >>> HTTP REQUEST POST https://cloudresourcemanager.googleapis.com/v1/projects/portfolio-10fb3:testIamPermissions  
 {"permissions":["firebase.projects.get","firebasehosting.sites.update"]}
[debug] [2022-01-13T17:20:08.380Z] <<< [apiv2][status] GET https://firebase-public.firebaseio.com/cli.json 200
[debug] [2022-01-13T17:20:08.380Z] <<< [apiv2][body] GET https://firebase-public.firebaseio.com/cli.json {"cloudBuildErrorAfter":1594252800000,"cloudBuildWarnAfter":1590019200000,"defaultNode10After":1594252800000,"minVersion":"3.0.5","node8DeploysDisabledAfter":1613390400000,"node8RuntimeDisabledAfter":1615809600000,"node8WarnAfter":1600128000000}
[debug] [2022-01-13T17:20:08.942Z] <<< HTTP RESPONSE 200 {"content-type":"application/json; charset=UTF-8","vary":"X-Origin, Referer, Origin,Accept-Encoding","date":"Thu, 13 Jan 2022 17:20:08 GMT","server":"ESF","cache-control":"private","x-xss-protection":"0","x-frame-options":"SAMEORIGIN","x-content-type-options":"nosniff","server-timing":"gfet4t7; dur=987","alt-svc":"h3=\":443\"; ma=2592000,h3-29=\":443\"; ma=2592000,h3-Q050=\":443\"; ma=2592000,h3-Q046=\":443\"; ma=2592000,h3-Q043=\":443\"; ma=2592000,quic=\":443\"; ma=2592000; v=\"46,43\"","accept-ranges":"none","transfer-encoding":"chunked"}
[debug] [2022-01-13T17:20:08.944Z] > refreshing access token with scopes: []
[debug] [2022-01-13T17:20:08.944Z] >>> HTTP REQUEST POST https://www.googleapis.com/oauth2/v3/token  
 <request body omitted>
[debug] [2022-01-13T17:20:09.068Z] <<< HTTP RESPONSE 200 {"date":"Thu, 13 Jan 2022 17:20:09 GMT","pragma":"no-cache","expires":"Mon, 01 Jan 1990 00:00:00 GMT","cache-control":"no-cache, no-store, max-age=0, must-revalidate","content-type":"application/json; charset=utf-8","vary":"X-Origin, Referer, Origin,Accept-Encoding","server":"scaffolding on HTTPServer2","x-xss-protection":"0","x-frame-options":"SAMEORIGIN","x-content-type-options":"nosniff","alt-svc":"h3=\":443\"; ma=2592000,h3-29=\":443\"; ma=2592000,h3-Q050=\":443\"; ma=2592000,h3-Q046=\":443\"; ma=2592000,h3-Q043=\":443\"; ma=2592000,quic=\":443\"; ma=2592000; v=\"46,43\"","accept-ranges":"none","transfer-encoding":"chunked"}
[debug] [2022-01-13T17:20:09.117Z] >>> [apiv2][query] GET https://firebase.googleapis.com/v1beta1/projects/portfolio-10fb3 [none]
[debug] [2022-01-13T17:20:09.500Z] <<< [apiv2][status] GET https://firebase.googleapis.com/v1beta1/projects/portfolio-10fb3 200
[debug] [2022-01-13T17:20:09.500Z] <<< [apiv2][body] GET https://firebase.googleapis.com/v1beta1/projects/portfolio-10fb3 {"projectId":"portfolio-10fb3","projectNumber":"970010052930","displayName":"portfolio","name":"projects/portfolio-10fb3","resources":{"hostingSite":"portfolio-10fb3","storageBucket":"portfolio-10fb3.appspot.com","locationId":"asia-southeast1"},"state":"ACTIVE"}
[info] 
[info] === Deploying to 'portfolio-10fb3'...
[info] 
[info] i  deploying hosting 
[debug] [2022-01-13T17:20:09.505Z] > refreshing access token with scopes: ["email","https://www.googleapis.com/auth/cloud-platform","https://www.googleapis.com/auth/cloudplatformprojects.readonly","https://www.googleapis.com/auth/firebase","openid"]
[debug] [2022-01-13T17:20:09.506Z] >>> HTTP REQUEST POST https://www.googleapis.com/oauth2/v3/token  
 <request body omitted>
[debug] [2022-01-13T17:20:09.632Z] <<< HTTP RESPONSE 200 {"expires":"Mon, 01 Jan 1990 00:00:00 GMT","cache-control":"no-cache, no-store, max-age=0, must-revalidate","pragma":"no-cache","date":"Thu, 13 Jan 2022 17:20:09 GMT","content-type":"application/json; charset=utf-8","vary":"X-Origin, Referer, Origin,Accept-Encoding","server":"scaffolding on HTTPServer2","x-xss-protection":"0","x-frame-options":"SAMEORIGIN","x-content-type-options":"nosniff","alt-svc":"h3=\":443\"; ma=2592000,h3-29=\":443\"; ma=2592000,h3-Q050=\":443\"; ma=2592000,h3-Q046=\":443\"; ma=2592000,h3-Q043=\":443\"; ma=2592000,quic=\":443\"; ma=2592000; v=\"46,43\"","accept-ranges":"none","transfer-encoding":"chunked"}
[debug] [2022-01-13T17:20:09.676Z] >>> HTTP REQUEST POST https://firebasehosting.googleapis.com/v1beta1/sites/portfolio-10fb3/versions  
 {"config":{"rewrites":[{"glob":"**","path":"/index.html"}]},"labels":{"deployment-tool":"cli-firebase"}}
[debug] [2022-01-13T17:20:11.293Z] <<< HTTP RESPONSE 200 {"content-type":"application/json; charset=UTF-8","vary":"X-Origin, Referer, Origin,Accept-Encoding","date":"Thu, 13 Jan 2022 17:20:11 GMT","server":"ESF","cache-control":"private","x-xss-protection":"0","x-frame-options":"SAMEORIGIN","x-content-type-options":"nosniff","alt-svc":"h3=\":443\"; ma=2592000,h3-29=\":443\"; ma=2592000,h3-Q050=\":443\"; ma=2592000,h3-Q046=\":443\"; ma=2592000,h3-Q043=\":443\"; ma=2592000,quic=\":443\"; ma=2592000; v=\"46,43\"","accept-ranges":"none","transfer-encoding":"chunked"}
[info] i  hosting[portfolio-10fb3]: beginning deploy... 
[info] i  hosting[portfolio-10fb3]: found 41 files in dist 
[debug] [2022-01-13T17:20:11.608Z] > refreshing access token with scopes: []
[debug] [2022-01-13T17:20:11.608Z] >>> HTTP REQUEST POST https://www.googleapis.com/oauth2/v3/token  
 <request body omitted>
[debug] [2022-01-13T17:20:11.610Z] [hosting] hash cache [ZGlzdA] stored for 41 files
[debug] [2022-01-13T17:20:11.610Z] [hosting][hash queue][FINAL] {"max":291,"min":17,"avg":61.24390243902439,"active":0,"complete":41,"success":41,"errored":0,"retried":0,"total":41,"elapsed":297}
[debug] [2022-01-13T17:20:11.724Z] <<< HTTP RESPONSE 200 {"cache-control":"no-cache, no-store, max-age=0, must-revalidate","expires":"Mon, 01 Jan 1990 00:00:00 GMT","pragma":"no-cache","date":"Thu, 13 Jan 2022 17:20:11 GMT","content-type":"application/json; charset=utf-8","vary":"X-Origin, Referer, Origin,Accept-Encoding","server":"scaffolding on HTTPServer2","x-xss-protection":"0","x-frame-options":"SAMEORIGIN","x-content-type-options":"nosniff","alt-svc":"h3=\":443\"; ma=2592000,h3-29=\":443\"; ma=2592000,h3-Q050=\":443\"; ma=2592000,h3-Q046=\":443\"; ma=2592000,h3-Q043=\":443\"; ma=2592000,quic=\":443\"; ma=2592000; v=\"46,43\"","accept-ranges":"none","transfer-encoding":"chunked"}
[debug] [2022-01-13T17:20:11.764Z] >>> [apiv2][query] POST https://firebasehosting.googleapis.com/v1beta1/sites/portfolio-10fb3/versions/e12ac8934075714e:populateFiles [none]
[debug] [2022-01-13T17:20:11.764Z] >>> [apiv2][body] POST https://firebasehosting.googleapis.com/v1beta1/sites/portfolio-10fb3/versions/e12ac8934075714e:populateFiles {"files":{"/index.html":"73d9bb521d8e7d7591cd1e3925e36060aef62bc7d7192331b3ea0ec6bb427a54","/404.html":"05cbc6f94d7a69ce2e29646eab13be2c884e61ba93e3094df5028866876d18b3","/css/app.ab708628.css":"efb42ff13cef7891b169fe2aaf5d36e511cac0bca14c73e498b02581cd47f148","/favicon.ico":"1e71457865f706dc865b49a54a86e193818220d290b30226b6630a42faf1535d","/img/android-lib.eadceffe.png":"fbd569f91be1df71c5934746817cfefa562417745c7494f71df98993d790c836","/img/facebook.1eb733e3.svg":"62e0c0d76e334424e7de8af03465cd6fc8f1bd38895bb78cf5e23a56387dfa25","/img/github.7d874594.svg":"8f77cd1a1f46017d6d4d48c862b04f2d7746ca843ccb9d2f9f8b4e911f33d350","/img/line.298adb35.svg":"d5dd3d271ff32b92e31ba738dba2d94c58d3bc4eaa01f708f8d4b6cab97e6684","/img/phone.7a155059.svg":"c1a0db59f3d5b9ea240f4830d8ff8aac7c2e80e8fca47a43b4bd4727df74012b","/img/star-out.fef821f4.png":"ddfda06334e3a55e24e68a6363c89658255d934a95755802f09795b2a8573721","/img/star.45dd5470.png":"b26e1e4032c809359c9f180f093c9e021552343b3b01599179ed044c34c27c12","/img/star-outline.d88db0fb.png":"c434feb06c03394dae359e72ffd9892563be30e7fee7e78a6536d6abf819c854","/js/app.8d3e0dd2.js":"913a8b3f3d0be6ecf122c7824369ec1996cc719502240778bb53314d9050d49d","/img/bigo.a0515737.png":"2a2b906a058d9152bede408925c790cade873d6915d576cb9b9b69bfdc766e78","/img/skinx-test.aa2979f2.png":"6236b755ddd38a7c23c424b671fb84096f7de525c04c96bb359c4e8166b16b95","/img/todo-android.404e3402.png":"67ef8b3ea8089203badf1032ff78e80ffb05c66e9bac13c556998b0d9e707a62","/js/app.8d3e0dd2.js.map":"0ea871c37530d628bf4c3beffe6cfb2335fb95a85bd829d7fdee5da8e03a6857","/img/intern-preview.09031d22.png":"56804e7022a90b7bb8d890f6090810e86597162e32e1c7105d67226453de29f1","/img/paper-note.724474bc.png":"974a11ddf3085315b32a24092111aa6976ea47666429190a62082f8094e3cea7","/img/clean-home.f9059704.png":"3d302cad27136517435fccfab16fb703bce716e781ef2490376e84685bf4aa3f","/img/ads.ec6f9496.png":"70ce3181abf2ef242763ddac10f76b10f0db47d5fd95ab098c015da83f9ef4d4","/img/kmutnb-logo.84dbfdde.png":"125c3c316b8146d8415bbc8d09388ad70144f8706abe678857377fc9852f27a7","/img/siravit21.97bf89fd.png":"398971fc33ce3a6fc1edc299f81f7fb378e5a0cbf455949a46bce5e67e897631","/css/chunk-vendors.8a61084a.css":"7a42e34cc37305b5d08de1d080ad1383faba4076e25d3b2254381af2793587c4","/img/port.c6b7f83a.png":"25d72863c208f5a8e6a4895b0da43ef5713de185b3520c235680816480fd14e9","/js/chunk-vendors.fe3da7e2.js":"807f74b4c643d15a5a442759de0238594ba8859c9747fe830afc3d54d69e8e5a","/img/siravit2.75626d55.png":"f74e4f7f4c468bb63b0800b5dff0f58e547763a822aa7fddcc65d14026eaae7d","/img/minesweeper.e0e22ad0.png":"b0166f435ce87ae576866633f8ffc12cad18af97d90e06a17f5ab47bf03e1926","/img/android-movie.cdfd3f73.png":"54c590e1bf7c92ab94faee09ba7a405addc5af9cc5b6b3fe800fc218279131d2","/img/mai.77fe7ff7.jpeg":"b14e63be70e2d87829963069c056ad8eb920d096cd75b1118747633a849085c0","/img/skinx-web.7a0f2fbd.png":"4bbcffb5b2b7f15d04492a3c533fcdcf8424a6c5e91b3b1543931440950eb8fe","/img/dessert.e8051fd0.png":"75eb048cdf44c44907af6fa093d41b32e16b59eb9c8e688c5082a0a469ae0985","/img/skinx.51f08302.png":"e8cb1ca4cbda35dde6f55299c1e3a4bf0400ad899d8815d8a5f6c26b0e5042c6","/img/ecommerce-preview.f162706e.png":"adcf3f563fb5a2dbfc911f1569416557c9846fb3e531baa56ed47346932d264c","/img/covid.c3b9d45d.png":"6a3b7aec74cf0e7d955c5eb6e6281896cac80fe1793a3ddd612d3c9f024fef78","/img/black-background.2f97fac4.jpeg":"bfb745022fe30e1da65db9a8fd16455f37ac90589f3c0c95d02c9ef77ceffd65","/img/gg-preview.adec4a3a.png":"f4ba34d93fdfdde7e5b3f15fcbab082d5cfd615f30eb322803667f839cc25e03","/img/siravit-photo.01dac0d6.jpeg":"8f3fa70b5fa4b01ddf037014b80bf1d245110f43ce0b56df64c3fcc6343dcabd","/js/chunk-vendors.fe3da7e2.js.map":"2848c63de0f24addeccac24c1242673308a4bab3e71877d4329524e7c223d7e3","/img/siravit-photo 2.aa572b73.png":"1681216caeaa7402ee6860c859bda7da0ee529393e90a48f7433327d2f2b36e7","/img/siravit-photo.4e343baf.png":"b47c75b7958fa573c1dab91c0b4da84e3a3772904ef24ad4e5a1e4977c24b443"}}
[debug] [2022-01-13T17:20:13.231Z] <<< [apiv2][status] POST https://firebasehosting.googleapis.com/v1beta1/sites/portfolio-10fb3/versions/e12ac8934075714e:populateFiles 200
[debug] [2022-01-13T17:20:13.231Z] <<< [apiv2][body] POST https://firebasehosting.googleapis.com/v1beta1/sites/portfolio-10fb3/versions/e12ac8934075714e:populateFiles {"uploadRequiredHashes":["0ea871c37530d628bf4c3beffe6cfb2335fb95a85bd829d7fdee5da8e03a6857","efb42ff13cef7891b169fe2aaf5d36e511cac0bca14c73e498b02581cd47f148","73d9bb521d8e7d7591cd1e3925e36060aef62bc7d7192331b3ea0ec6bb427a54","913a8b3f3d0be6ecf122c7824369ec1996cc719502240778bb53314d9050d49d"],"uploadUrl":"https://upload-firebasehosting.googleapis.com/upload/sites/portfolio-10fb3/versions/e12ac8934075714e/files"}
[debug] [2022-01-13T17:20:13.233Z] >>> [apiv2][query] POST https://upload-firebasehosting.googleapis.com/upload/sites/portfolio-10fb3/versions/e12ac8934075714e/files/0ea871c37530d628bf4c3beffe6cfb2335fb95a85bd829d7fdee5da8e03a6857 [none]
[debug] [2022-01-13T17:20:13.233Z] >>> [apiv2][body] POST https://upload-firebasehosting.googleapis.com/upload/sites/portfolio-10fb3/versions/e12ac8934075714e/files/0ea871c37530d628bf4c3beffe6cfb2335fb95a85bd829d7fdee5da8e03a6857 [stream]
[debug] [2022-01-13T17:20:13.236Z] >>> [apiv2][query] POST https://upload-firebasehosting.googleapis.com/upload/sites/portfolio-10fb3/versions/e12ac8934075714e/files/efb42ff13cef7891b169fe2aaf5d36e511cac0bca14c73e498b02581cd47f148 [none]
[debug] [2022-01-13T17:20:13.236Z] >>> [apiv2][body] POST https://upload-firebasehosting.googleapis.com/upload/sites/portfolio-10fb3/versions/e12ac8934075714e/files/efb42ff13cef7891b169fe2aaf5d36e511cac0bca14c73e498b02581cd47f148 [stream]
[debug] [2022-01-13T17:20:13.238Z] >>> [apiv2][query] POST https://upload-firebasehosting.googleapis.com/upload/sites/portfolio-10fb3/versions/e12ac8934075714e/files/73d9bb521d8e7d7591cd1e3925e36060aef62bc7d7192331b3ea0ec6bb427a54 [none]
[debug] [2022-01-13T17:20:13.238Z] >>> [apiv2][body] POST https://upload-firebasehosting.googleapis.com/upload/sites/portfolio-10fb3/versions/e12ac8934075714e/files/73d9bb521d8e7d7591cd1e3925e36060aef62bc7d7192331b3ea0ec6bb427a54 [stream]
[debug] [2022-01-13T17:20:13.239Z] >>> [apiv2][query] POST https://upload-firebasehosting.googleapis.com/upload/sites/portfolio-10fb3/versions/e12ac8934075714e/files/913a8b3f3d0be6ecf122c7824369ec1996cc719502240778bb53314d9050d49d [none]
[debug] [2022-01-13T17:20:13.239Z] >>> [apiv2][body] POST https://upload-firebasehosting.googleapis.com/upload/sites/portfolio-10fb3/versions/e12ac8934075714e/files/913a8b3f3d0be6ecf122c7824369ec1996cc719502240778bb53314d9050d49d [stream]
[debug] [2022-01-13T17:20:13.240Z] [hosting][populate queue][FINAL] {"max":1625,"min":1625,"avg":1625,"active":0,"complete":1,"success":1,"errored":0,"retried":0,"total":1,"elapsed":1632}
[debug] [2022-01-13T17:20:13.240Z] [hosting] uploads queued: 4
[debug] [2022-01-13T17:20:14.833Z] <<< [apiv2][status] POST https://upload-firebasehosting.googleapis.com/upload/sites/portfolio-10fb3/versions/e12ac8934075714e/files/efb42ff13cef7891b169fe2aaf5d36e511cac0bca14c73e498b02581cd47f148 200
[debug] [2022-01-13T17:20:14.833Z] <<< [apiv2][body] POST https://upload-firebasehosting.googleapis.com/upload/sites/portfolio-10fb3/versions/e12ac8934075714e/files/efb42ff13cef7891b169fe2aaf5d36e511cac0bca14c73e498b02581cd47f148 [stream]
[debug] [2022-01-13T17:20:15.489Z] <<< [apiv2][status] POST https://upload-firebasehosting.googleapis.com/upload/sites/portfolio-10fb3/versions/e12ac8934075714e/files/0ea871c37530d628bf4c3beffe6cfb2335fb95a85bd829d7fdee5da8e03a6857 200
[debug] [2022-01-13T17:20:15.490Z] <<< [apiv2][body] POST https://upload-firebasehosting.googleapis.com/upload/sites/portfolio-10fb3/versions/e12ac8934075714e/files/0ea871c37530d628bf4c3beffe6cfb2335fb95a85bd829d7fdee5da8e03a6857 [stream]
[debug] [2022-01-13T17:20:15.933Z] <<< [apiv2][status] POST https://upload-firebasehosting.googleapis.com/upload/sites/portfolio-10fb3/versions/e12ac8934075714e/files/913a8b3f3d0be6ecf122c7824369ec1996cc719502240778bb53314d9050d49d 200
[debug] [2022-01-13T17:20:15.934Z] <<< [apiv2][body] POST https://upload-firebasehosting.googleapis.com/upload/sites/portfolio-10fb3/versions/e12ac8934075714e/files/913a8b3f3d0be6ecf122c7824369ec1996cc719502240778bb53314d9050d49d [stream]
[debug] [2022-01-13T17:20:15.968Z] <<< [apiv2][status] POST https://upload-firebasehosting.googleapis.com/upload/sites/portfolio-10fb3/versions/e12ac8934075714e/files/73d9bb521d8e7d7591cd1e3925e36060aef62bc7d7192331b3ea0ec6bb427a54 200
[debug] [2022-01-13T17:20:15.968Z] <<< [apiv2][body] POST https://upload-firebasehosting.googleapis.com/upload/sites/portfolio-10fb3/versions/e12ac8934075714e/files/73d9bb521d8e7d7591cd1e3925e36060aef62bc7d7192331b3ea0ec6bb427a54 [stream]
[debug] [2022-01-13T17:20:15.968Z] [hosting][upload queue][FINAL] {"max":2736,"min":1601,"avg":2324.25,"active":0,"complete":4,"success":4,"errored":0,"retried":0,"total":4,"elapsed":2737}
[info] ✔  hosting[portfolio-10fb3]: file upload complete 
[debug] [2022-01-13T17:20:15.969Z] [hosting] deploy completed after 4674ms
[debug] [2022-01-13T17:20:15.970Z] [
  {
    "config": {
      "public": "dist",
      "ignore": [
        "firebase.json",
        "**/.*",
        "**/node_modules/**"
      ],
      "rewrites": [
        {
          "source": "**",
          "destination": "/index.html"
        }
      ],
      "site": "portfolio-10fb3"
    },
    "site": "portfolio-10fb3",
    "version": "sites/portfolio-10fb3/versions/e12ac8934075714e"
  }
]
[info] i  hosting[portfolio-10fb3]: finalizing version... 
[debug] [2022-01-13T17:20:15.970Z] > refreshing access token with scopes: ["email","https://www.googleapis.com/auth/cloud-platform","https://www.googleapis.com/auth/cloudplatformprojects.readonly","https://www.googleapis.com/auth/firebase","openid"]
[debug] [2022-01-13T17:20:15.970Z] >>> HTTP REQUEST POST https://www.googleapis.com/oauth2/v3/token  
 <request body omitted>
[debug] [2022-01-13T17:20:16.087Z] <<< HTTP RESPONSE 200 {"pragma":"no-cache","date":"Thu, 13 Jan 2022 17:20:16 GMT","cache-control":"no-cache, no-store, max-age=0, must-revalidate","expires":"Mon, 01 Jan 1990 00:00:00 GMT","content-type":"application/json; charset=utf-8","vary":"X-Origin, Referer, Origin,Accept-Encoding","server":"scaffolding on HTTPServer2","x-xss-protection":"0","x-frame-options":"SAMEORIGIN","x-content-type-options":"nosniff","alt-svc":"h3=\":443\"; ma=2592000,h3-29=\":443\"; ma=2592000,h3-Q050=\":443\"; ma=2592000,h3-Q046=\":443\"; ma=2592000,h3-Q043=\":443\"; ma=2592000,quic=\":443\"; ma=2592000; v=\"46,43\"","accept-ranges":"none","transfer-encoding":"chunked"}
[debug] [2022-01-13T17:20:16.127Z] >>> HTTP REQUEST PATCH https://firebasehosting.googleapis.com/v1beta1/sites/portfolio-10fb3/versions/e12ac8934075714e?updateMask=status  
 {"status":"FINALIZED"}
[debug] [2022-01-13T17:20:17.463Z] <<< HTTP RESPONSE 200 {"content-type":"application/json; charset=UTF-8","vary":"X-Origin, Referer, Origin,Accept-Encoding","date":"Thu, 13 Jan 2022 17:20:17 GMT","server":"ESF","cache-control":"private","x-xss-protection":"0","x-frame-options":"SAMEORIGIN","x-content-type-options":"nosniff","alt-svc":"h3=\":443\"; ma=2592000,h3-29=\":443\"; ma=2592000,h3-Q050=\":443\"; ma=2592000,h3-Q046=\":443\"; ma=2592000,h3-Q043=\":443\"; ma=2592000,quic=\":443\"; ma=2592000; v=\"46,43\"","accept-ranges":"none","transfer-encoding":"chunked"}
[debug] [2022-01-13T17:20:17.463Z] [hosting] finalized version for portfolio-10fb3: {"name":"sites/portfolio-10fb3/versions/e12ac8934075714e","status":"FINALIZED","config":{"rewrites":[{"glob":"**","path":"/index.html"}]},"labels":{"deployment-tool":"cli-firebase"},"createTime":"2022-01-13T17:20:10.963304Z","createUser":{"email":"siravitpichphol@gmail.com"},"finalizeTime":"2022-01-13T17:20:17.371959Z","finalizeUser":{"email":"siravitpichphol@gmail.com"}}
[info] ✔  hosting[portfolio-10fb3]: version finalized 
[info] i  hosting[portfolio-10fb3]: releasing new version... 
[debug] [2022-01-13T17:20:17.464Z] >>> HTTP REQUEST POST https://firebasehosting.googleapis.com/v1beta1/sites/portfolio-10fb3/releases?version_name=sites/portfolio-10fb3/versions/e12ac8934075714e  
 {"message":null}
